[0.566s] Invoking command in '/home/joemamma/fusion/src/mapperbot_description': DEBUGINFOD_URLS=https://debuginfod.ubuntu.com PYTHONPATH=/home/joemamma/fusion/build/mapperbot_description/prefix_override:/usr/lib/python3/dist-packages/colcon_core/task/python/colcon_distutils_commands:/home/joemamma/fusion/install/mapperbot_description/lib/python3.12/site-packages:${PYTHONPATH} /usr/bin/python3 -W ignore:setup.py install is deprecated -W ignore:easy_install command is deprecated setup.py egg_info --egg-base ../../build/mapperbot_description build --build-base /home/joemamma/fusion/build/mapperbot_description/build install --record /home/joemamma/fusion/build/mapperbot_description/install.log --single-version-externally-managed install_data
[0.761s] running egg_info
[0.775s] writing ../../build/mapperbot_description/mapperbot_description.egg-info/PKG-INFO
[0.775s] writing dependency_links to ../../build/mapperbot_description/mapperbot_description.egg-info/dependency_links.txt
[0.775s] writing requirements to ../../build/mapperbot_description/mapperbot_description.egg-info/requires.txt
[0.775s] writing top-level names to ../../build/mapperbot_description/mapperbot_description.egg-info/top_level.txt
[0.805s] reading manifest file '../../build/mapperbot_description/mapperbot_description.egg-info/SOURCES.txt'
[0.805s] writing manifest file '../../build/mapperbot_description/mapperbot_description.egg-info/SOURCES.txt'
[0.805s] running build
[0.805s] running build_py
[0.806s] running install
[0.810s] running install_lib
[0.825s] running install_data
[0.825s] copying launch/gazebo.launch.py -> /home/joemamma/fusion/install/mapperbot_description/share/mapperbot_description/launch
[0.826s] running install_egg_info
[0.841s] removing '/home/joemamma/fusion/install/mapperbot_description/lib/python3.12/site-packages/mapperbot_description-0.0.0-py3.12.egg-info' (and everything under it)
[0.841s] Copying ../../build/mapperbot_description/mapperbot_description.egg-info to /home/joemamma/fusion/install/mapperbot_description/lib/python3.12/site-packages/mapperbot_description-0.0.0-py3.12.egg-info
[0.842s] running install_scripts
[0.938s] writing list of installed files to '/home/joemamma/fusion/build/mapperbot_description/install.log'
[0.957s] Invoked command in '/home/joemamma/fusion/src/mapperbot_description' returned '0': DEBUGINFOD_URLS=https://debuginfod.ubuntu.com PYTHONPATH=/home/joemamma/fusion/build/mapperbot_description/prefix_override:/usr/lib/python3/dist-packages/colcon_core/task/python/colcon_distutils_commands:/home/joemamma/fusion/install/mapperbot_description/lib/python3.12/site-packages:${PYTHONPATH} /usr/bin/python3 -W ignore:setup.py install is deprecated -W ignore:easy_install command is deprecated setup.py egg_info --egg-base ../../build/mapperbot_description build --build-base /home/joemamma/fusion/build/mapperbot_description/build install --record /home/joemamma/fusion/build/mapperbot_description/install.log --single-version-externally-managed install_data
