running egg_info
creating ../../build/mapperbot_description/mapperbot_description.egg-info
writing ../../build/mapperbot_description/mapperbot_description.egg-info/PKG-INFO
writing dependency_links to ../../build/mapperbot_description/mapperbot_description.egg-info/dependency_links.txt
writing requirements to ../../build/mapperbot_description/mapperbot_description.egg-info/requires.txt
writing top-level names to ../../build/mapperbot_description/mapperbot_description.egg-info/top_level.txt
writing manifest file '../../build/mapperbot_description/mapperbot_description.egg-info/SOURCES.txt'
reading manifest file '../../build/mapperbot_description/mapperbot_description.egg-info/SOURCES.txt'
writing manifest file '../../build/mapperbot_description/mapperbot_description.egg-info/SOURCES.txt'
running build
running build_py
creating /home/joemamma/fusion/build/mapperbot_description/build
creating /home/joemamma/fusion/build/mapperbot_description/build/lib
creating /home/joemamma/fusion/build/mapperbot_description/build/lib/mapperbot_description
copying mapperbot_description/__init__.py -> /home/joemamma/fusion/build/mapperbot_description/build/lib/mapperbot_description
running install
running install_lib
creating /home/joemamma/fusion/install/mapperbot_description/lib/python3.12/site-packages/mapperbot_description
copying /home/joemamma/fusion/build/mapperbot_description/build/lib/mapperbot_description/__init__.py -> /home/joemamma/fusion/install/mapperbot_description/lib/python3.12/site-packages/mapperbot_description
byte-compiling /home/joemamma/fusion/install/mapperbot_description/lib/python3.12/site-packages/mapperbot_description/__init__.py to __init__.cpython-312.pyc
running install_data
creating /home/joemamma/fusion/install/mapperbot_description/share/ament_index
creating /home/joemamma/fusion/install/mapperbot_description/share/ament_index/resource_index
creating /home/joemamma/fusion/install/mapperbot_description/share/ament_index/resource_index/packages
copying resource/mapperbot_description -> /home/joemamma/fusion/install/mapperbot_description/share/ament_index/resource_index/packages
copying package.xml -> /home/joemamma/fusion/install/mapperbot_description/share/mapperbot_description
creating /home/joemamma/fusion/install/mapperbot_description/share/mapperbot_description/launch
copying launch/gazebo.launch.py -> /home/joemamma/fusion/install/mapperbot_description/share/mapperbot_description/launch
copying launch/display.launch.py -> /home/joemamma/fusion/install/mapperbot_description/share/mapperbot_description/launch
creating /home/joemamma/fusion/install/mapperbot_description/share/mapperbot_description/urdf
copying urdf/mapperbot.xacro -> /home/joemamma/fusion/install/mapperbot_description/share/mapperbot_description/urdf
copying urdf/mapperbot.ros2control -> /home/joemamma/fusion/install/mapperbot_description/share/mapperbot_description/urdf
copying urdf/mapperbot.gazebo -> /home/joemamma/fusion/install/mapperbot_description/share/mapperbot_description/urdf
copying urdf/materials.xacro -> /home/joemamma/fusion/install/mapperbot_description/share/mapperbot_description/urdf
creating /home/joemamma/fusion/install/mapperbot_description/share/mapperbot_description/meshes
copying meshes/camera_link_1.stl -> /home/joemamma/fusion/install/mapperbot_description/share/mapperbot_description/meshes
copying meshes/lidar_link_1.stl -> /home/joemamma/fusion/install/mapperbot_description/share/mapperbot_description/meshes
copying meshes/base_link.stl -> /home/joemamma/fusion/install/mapperbot_description/share/mapperbot_description/meshes
copying meshes/camera_body_1.stl -> /home/joemamma/fusion/install/mapperbot_description/share/mapperbot_description/meshes
copying meshes/periscope_base_1.stl -> /home/joemamma/fusion/install/mapperbot_description/share/mapperbot_description/meshes
copying meshes/scope_mid_lower_1.stl -> /home/joemamma/fusion/install/mapperbot_description/share/mapperbot_description/meshes
copying meshes/wheel_front_right_1.stl -> /home/joemamma/fusion/install/mapperbot_description/share/mapperbot_description/meshes
copying meshes/bl_control_arm_1.stl -> /home/joemamma/fusion/install/mapperbot_description/share/mapperbot_description/meshes
copying meshes/imu_link_1.stl -> /home/joemamma/fusion/install/mapperbot_description/share/mapperbot_description/meshes
copying meshes/wheel_back_right_1.stl -> /home/joemamma/fusion/install/mapperbot_description/share/mapperbot_description/meshes
copying meshes/scope_mid_upper_1.stl -> /home/joemamma/fusion/install/mapperbot_description/share/mapperbot_description/meshes
copying meshes/wheel_front_left_1.stl -> /home/joemamma/fusion/install/mapperbot_description/share/mapperbot_description/meshes
copying meshes/br_control_arm_1.stl -> /home/joemamma/fusion/install/mapperbot_description/share/mapperbot_description/meshes
copying meshes/fl_control_arm_1.stl -> /home/joemamma/fusion/install/mapperbot_description/share/mapperbot_description/meshes
copying meshes/scope_upper_1.stl -> /home/joemamma/fusion/install/mapperbot_description/share/mapperbot_description/meshes
copying meshes/scope_lower_1.stl -> /home/joemamma/fusion/install/mapperbot_description/share/mapperbot_description/meshes
copying meshes/fr_control_arm_1.stl -> /home/joemamma/fusion/install/mapperbot_description/share/mapperbot_description/meshes
copying meshes/wheel_back_left_1.stl -> /home/joemamma/fusion/install/mapperbot_description/share/mapperbot_description/meshes
creating /home/joemamma/fusion/install/mapperbot_description/share/mapperbot_description/config
copying config/ros_gz_bridge_gazebo.yaml -> /home/joemamma/fusion/install/mapperbot_description/share/mapperbot_description/config
copying config/gazebo.rviz -> /home/joemamma/fusion/install/mapperbot_description/share/mapperbot_description/config
copying config/display.rviz -> /home/joemamma/fusion/install/mapperbot_description/share/mapperbot_description/config
copying config/controller_config.yaml -> /home/joemamma/fusion/install/mapperbot_description/share/mapperbot_description/config
running install_egg_info
Copying ../../build/mapperbot_description/mapperbot_description.egg-info to /home/joemamma/fusion/install/mapperbot_description/lib/python3.12/site-packages/mapperbot_description-0.0.0-py3.12.egg-info
running install_scripts
writing list of installed files to '/home/joemamma/fusion/build/mapperbot_description/install.log'
