/home/joemamma/fusion/install/mapperbot_description/lib/python3.12/site-packages/mapperbot_description/__init__.py
/home/joemamma/fusion/install/mapperbot_description/lib/python3.12/site-packages/mapperbot_description/__pycache__/__init__.cpython-312.pyc
/home/joemamma/fusion/install/mapperbot_description/share/ament_index/resource_index/packages/mapperbot_description
/home/joemamma/fusion/install/mapperbot_description/share/mapperbot_description/package.xml
/home/joemamma/fusion/install/mapperbot_description/share/mapperbot_description/launch/gazebo.launch.py
/home/joemamma/fusion/install/mapperbot_description/share/mapperbot_description/launch/display.launch.py
/home/joemamma/fusion/install/mapperbot_description/share/mapperbot_description/urdf/mapperbot.xacro
/home/joemamma/fusion/install/mapperbot_description/share/mapperbot_description/urdf/mapperbot.ros2control
/home/joemamma/fusion/install/mapperbot_description/share/mapperbot_description/urdf/mapperbot.gazebo
/home/joemamma/fusion/install/mapperbot_description/share/mapperbot_description/urdf/materials.xacro
/home/joemamma/fusion/install/mapperbot_description/share/mapperbot_description/meshes/camera_link_1.stl
/home/joemamma/fusion/install/mapperbot_description/share/mapperbot_description/meshes/lidar_link_1.stl
/home/joemamma/fusion/install/mapperbot_description/share/mapperbot_description/meshes/base_link.stl
/home/joemamma/fusion/install/mapperbot_description/share/mapperbot_description/meshes/camera_body_1.stl
/home/joemamma/fusion/install/mapperbot_description/share/mapperbot_description/meshes/periscope_base_1.stl
/home/joemamma/fusion/install/mapperbot_description/share/mapperbot_description/meshes/scope_mid_lower_1.stl
/home/joemamma/fusion/install/mapperbot_description/share/mapperbot_description/meshes/wheel_front_right_1.stl
/home/joemamma/fusion/install/mapperbot_description/share/mapperbot_description/meshes/bl_control_arm_1.stl
/home/joemamma/fusion/install/mapperbot_description/share/mapperbot_description/meshes/imu_link_1.stl
/home/joemamma/fusion/install/mapperbot_description/share/mapperbot_description/meshes/wheel_back_right_1.stl
/home/joemamma/fusion/install/mapperbot_description/share/mapperbot_description/meshes/scope_mid_upper_1.stl
/home/joemamma/fusion/install/mapperbot_description/share/mapperbot_description/meshes/wheel_front_left_1.stl
/home/joemamma/fusion/install/mapperbot_description/share/mapperbot_description/meshes/br_control_arm_1.stl
/home/joemamma/fusion/install/mapperbot_description/share/mapperbot_description/meshes/fl_control_arm_1.stl
/home/joemamma/fusion/install/mapperbot_description/share/mapperbot_description/meshes/scope_upper_1.stl
/home/joemamma/fusion/install/mapperbot_description/share/mapperbot_description/meshes/scope_lower_1.stl
/home/joemamma/fusion/install/mapperbot_description/share/mapperbot_description/meshes/fr_control_arm_1.stl
/home/joemamma/fusion/install/mapperbot_description/share/mapperbot_description/meshes/wheel_back_left_1.stl
/home/joemamma/fusion/install/mapperbot_description/share/mapperbot_description/config/ros_gz_bridge_gazebo.yaml
/home/joemamma/fusion/install/mapperbot_description/share/mapperbot_description/config/gazebo.rviz
/home/joemamma/fusion/install/mapperbot_description/share/mapperbot_description/config/display.rviz
/home/joemamma/fusion/install/mapperbot_description/share/mapperbot_description/config/controller_config.yaml
/home/joemamma/fusion/install/mapperbot_description/lib/python3.12/site-packages/mapperbot_description-0.0.0-py3.12.egg-info/SOURCES.txt
/home/joemamma/fusion/install/mapperbot_description/lib/python3.12/site-packages/mapperbot_description-0.0.0-py3.12.egg-info/zip-safe
/home/joemamma/fusion/install/mapperbot_description/lib/python3.12/site-packages/mapperbot_description-0.0.0-py3.12.egg-info/requires.txt
/home/joemamma/fusion/install/mapperbot_description/lib/python3.12/site-packages/mapperbot_description-0.0.0-py3.12.egg-info/dependency_links.txt
/home/joemamma/fusion/install/mapperbot_description/lib/python3.12/site-packages/mapperbot_description-0.0.0-py3.12.egg-info/top_level.txt
/home/joemamma/fusion/install/mapperbot_description/lib/python3.12/site-packages/mapperbot_description-0.0.0-py3.12.egg-info/PKG-INFO
