[0.554s] Invoking command in '/home/joemamma/fusion/src/mapperbot_description': DEBUGINFOD_URLS=https://debuginfod.ubuntu.com PYTHONPATH=/home/joemamma/fusion/build/mapperbot_description/prefix_override:/usr/lib/python3/dist-packages/colcon_core/task/python/colcon_distutils_commands:/home/joemamma/fusion/install/mapperbot_description/lib/python3.12/site-packages:${PYTHONPATH} /usr/bin/python3 -W ignore:setup.py install is deprecated -W ignore:easy_install command is deprecated setup.py egg_info --egg-base ../../build/mapperbot_description build --build-base /home/joemamma/fusion/build/mapperbot_description/build install --record /home/joemamma/fusion/build/mapperbot_description/install.log --single-version-externally-managed install_data
[0.740s] running egg_info
[0.753s] writing ../../build/mapperbot_description/mapperbot_description.egg-info/PKG-INFO
[0.753s] writing dependency_links to ../../build/mapperbot_description/mapperbot_description.egg-info/dependency_links.txt
[0.754s] writing requirements to ../../build/mapperbot_description/mapperbot_description.egg-info/requires.txt
[0.754s] writing top-level names to ../../build/mapperbot_description/mapperbot_description.egg-info/top_level.txt
[0.780s] reading manifest file '../../build/mapperbot_description/mapperbot_description.egg-info/SOURCES.txt'
[0.781s] writing manifest file '../../build/mapperbot_description/mapperbot_description.egg-info/SOURCES.txt'
[0.781s] running build
[0.781s] running build_py
[0.781s] running install
[0.785s] running install_lib
[0.799s] running install_data
[0.800s] copying urdf/mapperbot.gazebo -> /home/joemamma/fusion/install/mapperbot_description/share/mapperbot_description/urdf
[0.800s] running install_egg_info
[0.814s] removing '/home/joemamma/fusion/install/mapperbot_description/lib/python3.12/site-packages/mapperbot_description-0.0.0-py3.12.egg-info' (and everything under it)
[0.815s] Copying ../../build/mapperbot_description/mapperbot_description.egg-info to /home/joemamma/fusion/install/mapperbot_description/lib/python3.12/site-packages/mapperbot_description-0.0.0-py3.12.egg-info
[0.815s] running install_scripts
[0.908s] writing list of installed files to '/home/joemamma/fusion/build/mapperbot_description/install.log'
[0.926s] Invoked command in '/home/joemamma/fusion/src/mapperbot_description' returned '0': DEBUGINFOD_URLS=https://debuginfod.ubuntu.com PYTHONPATH=/home/joemamma/fusion/build/mapperbot_description/prefix_override:/usr/lib/python3/dist-packages/colcon_core/task/python/colcon_distutils_commands:/home/joemamma/fusion/install/mapperbot_description/lib/python3.12/site-packages:${PYTHONPATH} /usr/bin/python3 -W ignore:setup.py install is deprecated -W ignore:easy_install command is deprecated setup.py egg_info --egg-base ../../build/mapperbot_description build --build-base /home/joemamma/fusion/build/mapperbot_description/build install --record /home/joemamma/fusion/build/mapperbot_description/install.log --single-version-externally-managed install_data
