[0.548s] Invoking command in '/home/joemamma/fusion/src/mapperbot_description': DEBUGINFOD_URLS=https://debuginfod.ubuntu.com PYTHONPATH=/home/joemamma/fusion/build/mapperbot_description/prefix_override:/usr/lib/python3/dist-packages/colcon_core/task/python/colcon_distutils_commands:/home/joemamma/fusion/install/mapperbot_description/lib/python3.12/site-packages:${PYTHONPATH} /usr/bin/python3 -W ignore:setup.py install is deprecated -W ignore:easy_install command is deprecated setup.py egg_info --egg-base ../../build/mapperbot_description build --build-base /home/joemamma/fusion/build/mapperbot_description/build install --record /home/joemamma/fusion/build/mapperbot_description/install.log --single-version-externally-managed install_data
[0.730s] running egg_info
[0.744s] writing ../../build/mapperbot_description/mapperbot_description.egg-info/PKG-INFO
[0.744s] writing dependency_links to ../../build/mapperbot_description/mapperbot_description.egg-info/dependency_links.txt
[0.744s] writing requirements to ../../build/mapperbot_description/mapperbot_description.egg-info/requires.txt
[0.744s] writing top-level names to ../../build/mapperbot_description/mapperbot_description.egg-info/top_level.txt
[0.772s] reading manifest file '../../build/mapperbot_description/mapperbot_description.egg-info/SOURCES.txt'
[0.773s] writing manifest file '../../build/mapperbot_description/mapperbot_description.egg-info/SOURCES.txt'
[0.773s] running build
[0.773s] running build_py
[0.774s] running install
[0.778s] running install_lib
[0.792s] running install_data
[0.793s] copying urdf/mapperbot.ros2control -> /home/joemamma/fusion/install/mapperbot_description/share/mapperbot_description/urdf
[0.793s] copying config/controller_config.yaml -> /home/joemamma/fusion/install/mapperbot_description/share/mapperbot_description/config
[0.793s] running install_egg_info
[0.808s] removing '/home/joemamma/fusion/install/mapperbot_description/lib/python3.12/site-packages/mapperbot_description-0.0.0-py3.12.egg-info' (and everything under it)
[0.808s] Copying ../../build/mapperbot_description/mapperbot_description.egg-info to /home/joemamma/fusion/install/mapperbot_description/lib/python3.12/site-packages/mapperbot_description-0.0.0-py3.12.egg-info
[0.809s] running install_scripts
[0.900s] writing list of installed files to '/home/joemamma/fusion/build/mapperbot_description/install.log'
[0.918s] Invoked command in '/home/joemamma/fusion/src/mapperbot_description' returned '0': DEBUGINFOD_URLS=https://debuginfod.ubuntu.com PYTHONPATH=/home/joemamma/fusion/build/mapperbot_description/prefix_override:/usr/lib/python3/dist-packages/colcon_core/task/python/colcon_distutils_commands:/home/joemamma/fusion/install/mapperbot_description/lib/python3.12/site-packages:${PYTHONPATH} /usr/bin/python3 -W ignore:setup.py install is deprecated -W ignore:easy_install command is deprecated setup.py egg_info --egg-base ../../build/mapperbot_description build --build-base /home/joemamma/fusion/build/mapperbot_description/build install --record /home/joemamma/fusion/build/mapperbot_description/install.log --single-version-externally-managed install_data
